#
# There is insufficient memory for the Java Runtime Environment to continue.
# Native memory allocation (mmap) failed to map 134217728 bytes for G1 virtual space
# Possible reasons:
#   The system is out of physical RAM or swap space
#   The process is running with CompressedOops enabled, and the Java Heap may be blocking the growth of the native heap
# Possible solutions:
#   Reduce memory load on the system
#   Increase physical memory or swap space
#   Check if swap backing store is full
#   Decrease Java heap size (-Xmx/-Xms)
#   Decrease number of Java threads
#   Decrease Java thread stack sizes (-Xss)
#   Set larger code cache with -XX:ReservedCodeCacheSize=
#   JVM is running with Unscaled Compressed Oops mode in which the Java heap is
#     placed in the first 4GB address space. The Java Heap base address is the
#     maximum limit for the native heap growth. Please use -XX:HeapBaseMinAddress
#     to set the Java Heap base and to place the Java Heap above 4GB virtual address.
# This output file may be truncated or incomplete.
#
#  Out of Memory Error (os_windows.cpp:3747), pid=1348, tid=2760
#
# JRE version:  (17.0.3+7) (build )
# Java VM: OpenJDK 64-Bit Server VM (17.0.3+7-b469.32, mixed mode, sharing, tiered, compressed oops, compressed class ptrs, g1 gc, windows-amd64)
# No core dump will be written. Minidumps are not enabled by default on client versions of Windows
#

---------------  S U M M A R Y ------------

Command Line: git4idea.http.GitAskPassApp Username for 'https://github.com': 

Host: Intel(R) Pentium(R) CPU  N3530  @ 2.16GHz, 4 cores, 7G,  Windows 10 , 64 bit Build 19041 (10.0.19041.3636)
Time: Wed Nov 22 00:32:23 2023  Windows 10 , 64 bit Build 19041 (10.0.19041.3636) elapsed time: 0.044625 seconds (0d 0h 0m 0s)

---------------  T H R E A D  ---------------

Current thread (0x0000024b954a0510):  JavaThread "Unknown thread" [_thread_in_vm, id=2760, stack(0x00000060e8800000,0x00000060e8900000)]

Stack: [0x00000060e8800000,0x00000060e8900000]
Native frames: (J=compiled Java code, j=interpreted, Vv=VM code, C=native code)
V  [jvm.dll+0x681f8a]
V  [jvm.dll+0x83e374]
V  [jvm.dll+0x83fb1e]
V  [jvm.dll+0x840183]
V  [jvm.dll+0x2492a5]
V  [jvm.dll+0x67ee59]
V  [jvm.dll+0x67355a]
V  [jvm.dll+0x308fab]
V  [jvm.dll+0x310466]
V  [jvm.dll+0x3601de]
V  [jvm.dll+0x36040f]
V  [jvm.dll+0x2df098]
V  [jvm.dll+0x2e0004]
V  [jvm.dll+0x80fc61]
V  [jvm.dll+0x36df61]
V  [jvm.dll+0x7ef17c]
V  [jvm.dll+0x3f10ef]
V  [jvm.dll+0x3f2c31]
C  [jli.dll+0x526b]
C  [ucrtbase.dll+0x21bb2]
C  [KERNEL32.DLL+0x17344]
C  [ntdll.dll+0x526b1]


---------------  P R O C E S S  ---------------

Threads class SMR info:
_java_thread_list=0x00007ffcf1f76f18, length=0, elements={
}

Java Threads: ( => current thread )

Other Threads:
  0x0000024b954fcc90 GCTaskThread "GC Thread#0" [stack: 0x00000060e8900000,0x00000060e8a00000] [id=4132]
  0x0000024b9550d850 ConcurrentGCThread "G1 Main Marker" [stack: 0x00000060e8a00000,0x00000060e8b00000] [id=12208]
  0x0000024b9550e260 ConcurrentGCThread "G1 Conc#0" [stack: 0x00000060e8b00000,0x00000060e8c00000] [id=7204]

[error occurred during error reporting (printing all threads), id 0xc0000005, EXCEPTION_ACCESS_VIOLATION (0xc0000005) at pc=0x00007ffcf172fc57]

VM state: not at safepoint (not fully initialized)

VM Mutex/Monitor currently owned by a thread:  ([mutex/lock_event])
[0x0000024b9549b3e0] Heap_lock - owner thread: 0x0000024b954a0510

Heap address: 0x0000000081c00000, size: 2020 MB, Compressed Oops mode: 32-bit

CDS archive(s) mapped at: [0x0000000000000000-0x0000000000000000-0x0000000000000000), size 0, SharedBaseAddress: 0x0000000800000000, ArchiveRelocationMode: 0.
Narrow klass base: 0x0000000000000000, Narrow klass shift: 0, Narrow klass range: 0x0

GC Precious Log:
<Empty>

Heap:
 garbage-first heap   total 0K, used 0K [0x0000000081c00000, 0x0000000100000000)
  region size 1024K, 0 young (0K), 0 survivors (0K)

[error occurred during error reporting (printing heap information), id 0xc0000005, EXCEPTION_ACCESS_VIOLATION (0xc0000005) at pc=0x00007ffcf1b1bbd9]

GC Heap History (0 events):
No events

Deoptimization events (0 events):
No events

Classes unloaded (0 events):
No events

Classes redefined (0 events):
No events

Internal exceptions (0 events):
No events

VM Operations (0 events):
No events

Events (1 events):
Event: 0.024 Loaded shared library C:\Program Files\JetBrains\WebStorm 2022.2\jbr\bin\java.dll


Dynamic libraries:
0x00007ff7a7040000 - 0x00007ff7a704a000 	C:\Program Files\JetBrains\WebStorm 2022.2\jbr\bin\java.exe
0x00007ffd589b0000 - 0x00007ffd58ba8000 	C:\WINDOWS\SYSTEM32\ntdll.dll
0x00007ffd56a10000 - 0x00007ffd56acd000 	C:\WINDOWS\System32\KERNEL32.DLL
0x00007ffd56710000 - 0x00007ffd56a06000 	C:\WINDOWS\System32\KERNELBASE.dll
0x00007ffd56130000 - 0x00007ffd56230000 	C:\WINDOWS\System32\ucrtbase.dll
0x00007ffd50050000 - 0x00007ffd50067000 	C:\Program Files\JetBrains\WebStorm 2022.2\jbr\bin\jli.dll
0x00007ffd57e50000 - 0x00007ffd57fee000 	C:\WINDOWS\System32\USER32.dll
0x00007ffd566e0000 - 0x00007ffd56702000 	C:\WINDOWS\System32\win32u.dll
0x00007ffd56f40000 - 0x00007ffd56f6c000 	C:\WINDOWS\System32\GDI32.dll
0x00007ffd56530000 - 0x00007ffd5664a000 	C:\WINDOWS\System32\gdi32full.dll
0x00007ffd56090000 - 0x00007ffd5612d000 	C:\WINDOWS\System32\msvcp_win.dll
0x00007ffd4ffb0000 - 0x00007ffd4ffcb000 	C:\Program Files\JetBrains\WebStorm 2022.2\jbr\bin\VCRUNTIME140.dll
0x00007ffd47010000 - 0x00007ffd472aa000 	C:\WINDOWS\WinSxS\amd64_microsoft.windows.common-controls_6595b64144ccf1df_6.0.19041.3636_none_60b6a03d71f818d5\COMCTL32.dll
0x00007ffd57c20000 - 0x00007ffd57cbe000 	C:\WINDOWS\System32\msvcrt.dll
0x00007ffd580d0000 - 0x00007ffd58100000 	C:\WINDOWS\System32\IMM32.DLL
0x00007ffd51a80000 - 0x00007ffd51a8c000 	C:\Program Files\JetBrains\WebStorm 2022.2\jbr\bin\vcruntime140_1.dll
0x00007ffd2e830000 - 0x00007ffd2e8bd000 	C:\Program Files\JetBrains\WebStorm 2022.2\jbr\bin\msvcp140.dll
0x00007ffcf1440000 - 0x00007ffcf20a8000 	C:\Program Files\JetBrains\WebStorm 2022.2\jbr\bin\server\jvm.dll
0x00007ffd58160000 - 0x00007ffd5820f000 	C:\WINDOWS\System32\ADVAPI32.dll
0x00007ffd57aa0000 - 0x00007ffd57b3c000 	C:\WINDOWS\System32\sechost.dll
0x00007ffd56ad0000 - 0x00007ffd56bf6000 	C:\WINDOWS\System32\RPCRT4.dll
0x00007ffd58960000 - 0x00007ffd58968000 	C:\WINDOWS\System32\PSAPI.DLL
0x00007ffd50750000 - 0x00007ffd50759000 	C:\WINDOWS\SYSTEM32\WSOCK32.dll
0x00007ffd57620000 - 0x00007ffd5768b000 	C:\WINDOWS\System32\WS2_32.dll
0x00007ffd49100000 - 0x00007ffd49127000 	C:\WINDOWS\SYSTEM32\WINMM.dll
0x00007ffd49420000 - 0x00007ffd4942a000 	C:\WINDOWS\SYSTEM32\VERSION.dll
0x00007ffd53f50000 - 0x00007ffd53f62000 	C:\WINDOWS\SYSTEM32\kernel.appcore.dll
0x00007ffd4f8e0000 - 0x00007ffd4f8ea000 	C:\Program Files\JetBrains\WebStorm 2022.2\jbr\bin\jimage.dll
0x00007ffd43a20000 - 0x00007ffd43c04000 	C:\WINDOWS\SYSTEM32\DBGHELP.DLL
0x00007ffd43910000 - 0x00007ffd43944000 	C:\WINDOWS\SYSTEM32\dbgcore.DLL
0x00007ffd56650000 - 0x00007ffd566d2000 	C:\WINDOWS\System32\bcryptPrimitives.dll
0x00007ffd4baa0000 - 0x00007ffd4bac5000 	C:\Program Files\JetBrains\WebStorm 2022.2\jbr\bin\java.dll

dbghelp: loaded successfully - version: 4.0.5 - missing functions: none
symbol engine: initialized successfully - sym options: 0x614 - pdb path: .;C:\Program Files\JetBrains\WebStorm 2022.2\jbr\bin;C:\WINDOWS\SYSTEM32;C:\WINDOWS\WinSxS\amd64_microsoft.windows.common-controls_6595b64144ccf1df_6.0.19041.3636_none_60b6a03d71f818d5;C:\Program Files\JetBrains\WebStorm 2022.2\jbr\bin\server

VM Arguments:
java_command: git4idea.http.GitAskPassApp Username for 'https://github.com': 
java_class_path (initial): C:/Program Files/JetBrains/WebStorm 2022.2/plugins/git4idea/lib/git4idea-rt.jar;C:/Program Files/JetBrains/WebStorm 2022.2/lib/externalProcess-rt.jar;C:/Program Files/JetBrains/WebStorm 2022.2/lib/app.jar;C:/Program Files/JetBrains/WebStorm 2022.2/lib/3rd-party-rt.jar
Launcher Type: SUN_STANDARD

[Global flags]
     intx CICompilerCount                          = 3                                         {product} {ergonomic}
     uint ConcGCThreads                            = 1                                         {product} {ergonomic}
     uint G1ConcRefinementThreads                  = 4                                         {product} {ergonomic}
   size_t G1HeapRegionSize                         = 1048576                                   {product} {ergonomic}
    uintx GCDrainStackTargetSize                   = 64                                        {product} {ergonomic}
   size_t InitialHeapSize                          = 134217728                                 {product} {ergonomic}
   size_t MarkStackSize                            = 4194304                                   {product} {ergonomic}
   size_t MaxHeapSize                              = 2118123520                                {product} {ergonomic}
   size_t MinHeapDeltaBytes                        = 1048576                                   {product} {ergonomic}
   size_t MinHeapSize                              = 8388608                                   {product} {ergonomic}
    uintx NonNMethodCodeHeapSize                   = 5832780                                {pd product} {ergonomic}
    uintx NonProfiledCodeHeapSize                  = 122912730                              {pd product} {ergonomic}
    uintx ProfiledCodeHeapSize                     = 122912730                              {pd product} {ergonomic}
    uintx ReservedCodeCacheSize                    = 251658240                              {pd product} {ergonomic}
     bool SegmentedCodeCache                       = true                                      {product} {ergonomic}
   size_t SoftMaxHeapSize                          = 2118123520                             {manageable} {ergonomic}
     bool UseCompressedClassPointers               = true                           {product lp64_product} {ergonomic}
     bool UseCompressedOops                        = true                           {product lp64_product} {ergonomic}
     bool UseG1GC                                  = true                                      {product} {ergonomic}
     bool UseLargePagesIndividualAllocation        = false                                  {pd product} {ergonomic}

Logging:
Log output configuration:
 #0: stdout all=warning uptime,level,tags
 #1: stderr all=off uptime,level,tags

Environment Variables:
JAVA_HOME=C:\Program Files\OpenJDK\openjdk-8u282-b08
PATH=C:\Program Files\Git\mingw64\libexec\git-core;C:\Program Files\Git\mingw64\libexec\git-core;C:\Program Files\Git\mingw64\bin;C:\Program Files\Git\usr\bin;C:\Users\PC\bin;C:\Python311\Scripts;C:\Python311;C:\Program Files\AdoptOpenJDK\jdk-11.0.9.101-hotspot\bin;C:\WINDOWS\system32;C:\WINDOWS;C:\WINDOWS\System32\Wbem;C:\WINDOWS\System32\WindowsPowerShell\v1.0;C:\WINDOWS\System32\OpenSSH;C:\ProgramData\chocolatey\bin;C:\Users\PC\AppData\Roaming\nvm;C:\Program Files\nodejs;C:\Program Files\OpenJDK\openjdk-8u282-b08\bin;C:\Program Files\Git\cmd;C:\Users\PC\AppData\Local\Microsoft\WindowsApps;C:\Users\PC\AppData\Local\Programs\Microsoft VS Code\bin;C:\Users\PC\AppData\Local\Android\Sdk\platform-tools;C:\Users\PC\AppData\Roaming\npm;C:\Users\PC\AppData\Local\Programs\MiKTeX\miktex\bin\x64;D:\serhii\react\node_modules\.bin;C:\Users\PC\AppData\Roaming\nvm;C:\Program Files\nodejs;C:\Program Files\nodejs
USERNAME=PC
DISPLAY=:0.0
LC_ALL=en_US.UTF-8
OS=Windows_NT
PROCESSOR_IDENTIFIER=Intel64 Family 6 Model 55 Stepping 8, GenuineIntel



---------------  S Y S T E M  ---------------

OS:
 Windows 10 , 64 bit Build 19041 (10.0.19041.3636)
OS uptime: 0 days 3:17 hours

CPU: total 4 (initial active 4) (4 cores per cpu, 1 threads per core) family 6 model 55 stepping 8 microcode 0x838, cx8, cmov, fxsr, mmx, 3dnowpref, sse, sse2, sse3, ssse3, sse4.1, sse4.2, popcnt, tsc, tscinvbit, erms, clmul, clflush

Memory: 4k page, system-wide physical 8078M (886M free)
TotalPageFile size 10078M (AvailPageFile size 16M)
current process WorkingSet (physical memory assigned to process): 10M, peak: 10M
current process commit charge ("private bytes"): 51M, peak: 179M

vm_info: OpenJDK 64-Bit Server VM (17.0.3+7-b469.32) for windows-amd64 JRE (17.0.3+7-b469.32), built on 2022-07-19 by "builduser" with MS VC++ 16.10 / 16.11 (VS2019)

END.
